<?xml version="1.0" encoding="UTF-8"?>
<!-- Generated by org.testng.reporters.JUnitReportReporter -->
<testsuite hostname="DESKTOP-T1UPTMJ" failures="0" tests="1" name="Mavensampleproj.SampleDemo.Practice" time="0.008" errors="0" timestamp="2021-09-01T19:34:00 IST" skipped="0">
  <testcase classname="Mavensampleproj.SampleDemo.Practice" name="job" time="0.008"/>
  <system-out/>
</testsuite> <!-- Mavensampleproj.SampleDemo.Practice -->
